<?xml version="1.0" encoding="UTF-8" standalone="yes"?><!DOCTYPE report PUBLIC "-//JACOCO//DTD Report 1.1//EN" "report.dtd"><report name="exame-final"><sessioninfo id="diego-X411UN-68303abc" start="1627337044720" dump="1627337048093"/><sessioninfo id="diego-X411UN-8cf62a0d" start="1627337200241" dump="1627337204888"/><sessioninfo id="diego-X411UN-917e46fd" start="1627337223939" dump="1627337226461"/><sessioninfo id="diego-X411UN-2a3f0507" start="1627339545771" dump="1627339549258"/><sessioninfo id="diego-X411UN-d7657c76" start="1627339564347" dump="1627339567959"/></report>