<?xml version="1.0" encoding="UTF-8"?>
<!-- Generated by org.testng.reporters.JUnitXMLReporter -->
<testsuite ignored="0" hostname="diego-X411UN" failures="1" tests="3" name="Surefire test" time="0.38" errors="0" timestamp="2021-07-26T17:58:04 PET">
  <testcase classname="ApplicationTest" name="test1" time="0.068"/>
  <testcase classname="ApplicationTest" name="test2" time="0.146"/>
  <testcase classname="ApplicationTest" name="test3" time="0.001">
    <failure type="java.io.FileNotFoundException" message="prueba.txt (No such file or directory)">
      <![CDATA[java.io.FileNotFoundException: prueba.txt (No such file or directory)
at java.base/java.io.FileInputStream.open0(Native Method)
at java.base/java.io.FileInputStream.open(FileInputStream.java:211)
at java.base/java.io.FileInputStream.<init>(FileInputStream.java:153)
at ApplicationTest.test3(ApplicationTest.java:38)
at java.base/java.util.ArrayList.forEach(ArrayList.java:1511)
... Removed 32 stack frames]]>
    </failure>
  </testcase> <!-- test3 -->
</testsuite> <!-- Surefire test -->
