-------------------------------------------------------------------------------
Test set: ApplicationTest
-------------------------------------------------------------------------------
Tests run: 3, Failures: 1, Errors: 0, Skipped: 0, Time elapsed: 1.352 s <<< FAILURE! - in ApplicationTest
test3(ApplicationTest)  Time elapsed: 0.03 s  <<< FAILURE!
java.io.FileNotFoundException: prueba.txt (No such file or directory)
	at ApplicationTest.test3(ApplicationTest.java:38)

