<?xml version="1.0" encoding="UTF-8"?>
<testng-results ignored="0" total="1" passed="1" failed="0" skipped="0">
  <reporter-output>
  </reporter-output>
  <suite started-at="2021-07-26T17:04:06 PET" name="Surefire suite" finished-at="2021-07-26T17:04:07 PET" duration-ms="328">
    <groups>
    </groups>
    <test started-at="2021-07-26T17:04:06 PET" name="Surefire test" finished-at="2021-07-26T17:04:07 PET" duration-ms="328">
      <class name="ApplicationTest">
        <test-method signature="test1()[pri:0, instance:ApplicationTest@3148f668]" started-at="2021-07-26T17:04:07 PET" name="test1" finished-at="2021-07-26T17:04:07 PET" duration-ms="110" status="PASS">
          <reporter-output>
          </reporter-output>
        </test-method> <!-- test1 -->
      </class> <!-- ApplicationTest -->
    </test> <!-- Surefire test -->
  </suite> <!-- Surefire suite -->
</testng-results>
